<?xml version="1.0" encoding="UTF-8"?>
<coverage generated="1707809430599" clover="3.2.0">
  <project timestamp="1707809430600" name="All files">
    <metrics statements="71" coveredstatements="69" conditionals="16" coveredconditionals="12" methods="28" coveredmethods="27" elements="115" coveredelements="108" complexity="0" loc="71" ncloc="71" packages="2" files="7" classes="7"/>
    <package name="components">
      <metrics statements="70" coveredstatements="68" conditionals="16" coveredconditionals="12" methods="28" coveredmethods="27"/>
      <file name="AccordionItems.js" path="C:\Users\anupa\OneDrive\Desktop\Namaste-React-Main-Folder\episode-13-namaste-react\src\components\AccordionItems.js">
        <metrics statements="6" coveredstatements="6" conditionals="2" coveredconditionals="2" methods="4" coveredmethods="4"/>
        <line num="6" count="1" type="stmt"/>
        <line num="8" count="5" type="stmt"/>
        <line num="11" count="2" type="stmt"/>
        <line num="15" count="5" type="stmt"/>
        <line num="18" count="13" type="stmt"/>
        <line num="42" count="2" type="stmt"/>
      </file>
      <file name="Body.js" path="C:\Users\anupa\OneDrive\Desktop\Namaste-React-Main-Folder\episode-13-namaste-react\src\components\Body.js">
        <metrics statements="30" coveredstatements="28" conditionals="6" coveredconditionals="4" methods="10" coveredmethods="9"/>
        <line num="9" count="1" type="stmt"/>
        <line num="10" count="7" type="stmt"/>
        <line num="11" count="7" type="stmt"/>
        <line num="12" count="7" type="stmt"/>
        <line num="13" count="7" type="stmt"/>
        <line num="15" count="7" type="stmt"/>
        <line num="20" count="7" type="stmt"/>
        <line num="21" count="2" type="stmt"/>
        <line num="22" count="2" type="stmt"/>
        <line num="31" count="7" type="stmt"/>
        <line num="32" count="2" type="stmt"/>
        <line num="34" count="2" type="stmt"/>
        <line num="38" count="2" type="stmt"/>
        <line num="43" count="2" type="stmt"/>
        <line num="49" count="7" type="stmt"/>
        <line num="51" count="7" type="cond" truecount="1" falsecount="1"/>
        <line num="52" count="0" type="stmt"/>
        <line num="64" count="7" type="stmt"/>
        <line num="72" count="7" type="cond" truecount="2" falsecount="0"/>
        <line num="83" count="1" type="stmt"/>
        <line num="93" count="1" type="stmt"/>
        <line num="95" count="9" type="stmt"/>
        <line num="101" count="1" type="stmt"/>
        <line num="102" count="1" type="stmt"/>
        <line num="103" count="1" type="stmt"/>
        <line num="112" count="1" type="stmt"/>
        <line num="114" count="9" type="stmt"/>
        <line num="117" count="1" type="stmt"/>
        <line num="127" count="0" type="stmt"/>
        <line num="133" count="30" type="stmt"/>
      </file>
      <file name="Cart.js" path="C:\Users\anupa\OneDrive\Desktop\Namaste-React-Main-Folder\episode-13-namaste-react\src\components\Cart.js">
        <metrics statements="5" coveredstatements="5" conditionals="2" coveredconditionals="2" methods="3" coveredmethods="3"/>
        <line num="6" count="1" type="stmt"/>
        <line num="8" count="8" type="stmt"/>
        <line num="16" count="4" type="stmt"/>
        <line num="19" count="1" type="stmt"/>
        <line num="22" count="4" type="stmt"/>
      </file>
      <file name="Header.js" path="C:\Users\anupa\OneDrive\Desktop\Namaste-React-Main-Folder\episode-13-namaste-react\src\components\Header.js">
        <metrics statements="8" coveredstatements="8" conditionals="4" coveredconditionals="2" methods="4" coveredmethods="4"/>
        <line num="11" count="2" type="stmt"/>
        <line num="13" count="9" type="stmt"/>
        <line num="15" count="9" type="stmt"/>
        <line num="16" count="17" type="stmt"/>
        <line num="30" count="9" type="stmt"/>
        <line num="35" count="9" type="stmt"/>
        <line num="37" count="9" type="stmt"/>
        <line num="87" count="1" type="cond" truecount="1" falsecount="1"/>
      </file>
      <file name="RestaurantCard.js" path="C:\Users\anupa\OneDrive\Desktop\Namaste-React-Main-Folder\episode-13-namaste-react\src\components\RestaurantCard.js">
        <metrics statements="9" coveredstatements="9" conditionals="0" coveredconditionals="0" methods="3" coveredmethods="3"/>
        <line num="5" count="2" type="stmt"/>
        <line num="6" count="31" type="stmt"/>
        <line num="9" count="31" type="stmt"/>
        <line num="26" count="31" type="stmt"/>
        <line num="28" count="31" type="stmt"/>
        <line num="52" count="2" type="stmt"/>
        <line num="53" count="7" type="stmt"/>
        <line num="54" count="30" type="stmt"/>
        <line num="56" count="30" type="stmt"/>
      </file>
      <file name="RestaurantsMenu.js" path="C:\Users\anupa\OneDrive\Desktop\Namaste-React-Main-Folder\episode-13-namaste-react\src\components\RestaurantsMenu.js">
        <metrics statements="12" coveredstatements="12" conditionals="2" coveredconditionals="2" methods="4" coveredmethods="4"/>
        <line num="7" count="1" type="stmt"/>
        <line num="8" count="4" type="stmt"/>
        <line num="9" count="3" type="stmt"/>
        <line num="12" count="3" type="stmt"/>
        <line num="18" count="3" type="cond" truecount="2" falsecount="0"/>
        <line num="19" count="1" type="stmt"/>
        <line num="22" count="2" type="stmt"/>
        <line num="25" count="2" type="stmt"/>
        <line num="27" count="36" type="stmt"/>
        <line num="35" count="2" type="stmt"/>
        <line num="48" count="20" type="stmt"/>
        <line num="52" count="1" type="stmt"/>
      </file>
    </package>
    <package name="utils">
      <metrics statements="1" coveredstatements="1" conditionals="0" coveredconditionals="0" methods="0" coveredmethods="0"/>
      <file name="addStore.js" path="C:\Users\anupa\OneDrive\Desktop\Namaste-React-Main-Folder\episode-13-namaste-react\src\utils\addStore.js">
        <metrics statements="1" coveredstatements="1" conditionals="0" coveredconditionals="0" methods="0" coveredmethods="0"/>
        <line num="4" count="2" type="stmt"/>
      </file>
    </package>
  </project>
</coverage>
