{"C:\\Users\\anupa\\OneDrive\\Desktop\\Namaste-React-Main-Folder\\episode-13-namaste-react\\src\\components\\Body.js": {"path":"C:\\Users\\anupa\\OneDrive\\Desktop\\Namaste-React-Main-Folder\\episode-13-namaste-react\\src\\components\\Body.js","statementMap":{"0":{"start":{"line":9,"column":13},"end":{"line":149,"column":1}},"1":{"start":{"line":10,"column":14},"end":{"line":10,"column":26}},"2":{"start":{"line":11,"column":50},"end":{"line":11,"column":53}},"3":{"start":{"line":12,"column":54},"end":{"line":12,"column":66}},"4":{"start":{"line":13,"column":38},"end":{"line":13,"column":50}},"5":{"start":{"line":15,"column":40},"end":{"line":15,"column":63}},"6":{"start":{"line":18,"column":2},"end":{"line":18,"column":31}},"7":{"start":{"line":20,"column":2},"end":{"line":23,"column":9}},"8":{"start":{"line":21,"column":4},"end":{"line":21,"column":16}},"9":{"start":{"line":22,"column":4},"end":{"line":22,"column":37}},"10":{"start":{"line":31,"column":20},"end":{"line":46,"column":3}},"11":{"start":{"line":32,"column":17},"end":{"line":32,"column":45}},"12":{"start":{"line":34,"column":17},"end":{"line":34,"column":34}},"13":{"start":{"line":38,"column":4},"end":{"line":41,"column":6}},"14":{"start":{"line":43,"column":4},"end":{"line":45,"column":6}},"15":{"start":{"line":49,"column":23},"end":{"line":49,"column":40}},"16":{"start":{"line":51,"column":2},"end":{"line":55,"column":3}},"17":{"start":{"line":52,"column":4},"end":{"line":54,"column":6}},"18":{"start":{"line":64,"column":33},"end":{"line":64,"column":65}},"19":{"start":{"line":72,"column":2},"end":{"line":148,"column":4}},"20":{"start":{"line":82,"column":14},"end":{"line":82,"column":44}},"21":{"start":{"line":92,"column":41},"end":{"line":99,"column":15}},"22":{"start":{"line":94,"column":18},"end":{"line":96,"column":56}},"23":{"start":{"line":100,"column":14},"end":{"line":100,"column":56}},"24":{"start":{"line":101,"column":14},"end":{"line":101,"column":46}},"25":{"start":{"line":102,"column":14},"end":{"line":102,"column":44}},"26":{"start":{"line":111,"column":31},"end":{"line":114,"column":14}},"27":{"start":{"line":113,"column":14},"end":{"line":113,"column":46}},"28":{"start":{"line":116,"column":12},"end":{"line":116,"column":46}},"29":{"start":{"line":126,"column":27},"end":{"line":126,"column":54}},"30":{"start":{"line":132,"column":10},"end":{"line":144,"column":17}}},"fnMap":{"0":{"name":"(anonymous_0)","decl":{"start":{"line":9,"column":13},"end":{"line":9,"column":14}},"loc":{"start":{"line":9,"column":19},"end":{"line":149,"column":1}},"line":9},"1":{"name":"(anonymous_1)","decl":{"start":{"line":20,"column":12},"end":{"line":20,"column":13}},"loc":{"start":{"line":20,"column":18},"end":{"line":23,"column":3}},"line":20},"2":{"name":"(anonymous_2)","decl":{"start":{"line":31,"column":20},"end":{"line":31,"column":21}},"loc":{"start":{"line":31,"column":32},"end":{"line":46,"column":3}},"line":31},"3":{"name":"(anonymous_3)","decl":{"start":{"line":81,"column":22},"end":{"line":81,"column":23}},"loc":{"start":{"line":81,"column":29},"end":{"line":83,"column":13}},"line":81},"4":{"name":"(anonymous_4)","decl":{"start":{"line":88,"column":21},"end":{"line":88,"column":22}},"loc":{"start":{"line":88,"column":27},"end":{"line":103,"column":13}},"line":88},"5":{"name":"(anonymous_5)","decl":{"start":{"line":93,"column":16},"end":{"line":93,"column":17}},"loc":{"start":{"line":93,"column":25},"end":{"line":97,"column":17}},"line":93},"6":{"name":"(anonymous_6)","decl":{"start":{"line":110,"column":19},"end":{"line":110,"column":20}},"loc":{"start":{"line":110,"column":25},"end":{"line":118,"column":11}},"line":110},"7":{"name":"(anonymous_7)","decl":{"start":{"line":111,"column":56},"end":{"line":111,"column":57}},"loc":{"start":{"line":111,"column":65},"end":{"line":114,"column":13}},"line":111},"8":{"name":"(anonymous_8)","decl":{"start":{"line":126,"column":20},"end":{"line":126,"column":21}},"loc":{"start":{"line":126,"column":27},"end":{"line":126,"column":54}},"line":126},"9":{"name":"(anonymous_9)","decl":{"start":{"line":131,"column":33},"end":{"line":131,"column":34}},"loc":{"start":{"line":132,"column":10},"end":{"line":144,"column":17}},"line":132}},"branchMap":{"0":{"loc":{"start":{"line":51,"column":2},"end":{"line":55,"column":3}},"type":"if","locations":[{"start":{"line":51,"column":2},"end":{"line":55,"column":3}},{"start":{},"end":{}}],"line":51},"1":{"loc":{"start":{"line":72,"column":9},"end":{"line":148,"column":3}},"type":"cond-expr","locations":[{"start":{"line":73,"column":4},"end":{"line":73,"column":15}},{"start":{"line":75,"column":4},"end":{"line":147,"column":10}}],"line":72},"2":{"loc":{"start":{"line":137,"column":13},"end":{"line":142,"column":13}},"type":"cond-expr","locations":[{"start":{"line":139,"column":14},"end":{"line":139,"column":67}},{"start":{"line":141,"column":14},"end":{"line":141,"column":58}}],"line":137}},"s":{"0":1,"1":2,"2":2,"3":2,"4":2,"5":2,"6":2,"7":2,"8":1,"9":1,"10":2,"11":1,"12":1,"13":1,"14":1,"15":2,"16":2,"17":0,"18":2,"19":2,"20":0,"21":0,"22":0,"23":0,"24":0,"25":0,"26":0,"27":0,"28":0,"29":0,"30":9},"f":{"0":2,"1":1,"2":1,"3":0,"4":0,"5":0,"6":0,"7":0,"8":0,"9":9},"b":{"0":[0,2],"1":[1,1],"2":[9,0]},"_coverageSchema":"1a1c01bbd47fc00a2c39e90264f33305004495a9","hash":"16b7ce367d118041ce3431a3746a780d3a6a5e6e"}
,"C:\\Users\\anupa\\OneDrive\\Desktop\\Namaste-React-Main-Folder\\episode-13-namaste-react\\src\\components\\Contact.js": {"path":"C:\\Users\\anupa\\OneDrive\\Desktop\\Namaste-React-Main-Folder\\episode-13-namaste-react\\src\\components\\Contact.js","statementMap":{"0":{"start":{"line":3,"column":16},"end":{"line":24,"column":1}},"1":{"start":{"line":4,"column":2},"end":{"line":23,"column":4}}},"fnMap":{"0":{"name":"(anonymous_0)","decl":{"start":{"line":3,"column":16},"end":{"line":3,"column":17}},"loc":{"start":{"line":3,"column":22},"end":{"line":24,"column":1}},"line":3}},"branchMap":{},"s":{"0":1,"1":4},"f":{"0":4},"b":{},"_coverageSchema":"1a1c01bbd47fc00a2c39e90264f33305004495a9","hash":"5d60df52e57ff6d4bb3451141ed1f449fe6a5a75"}
,"C:\\Users\\anupa\\OneDrive\\Desktop\\Namaste-React-Main-Folder\\episode-13-namaste-react\\src\\components\\Header.js": {"path":"C:\\Users\\anupa\\OneDrive\\Desktop\\Namaste-React-Main-Folder\\episode-13-namaste-react\\src\\components\\Header.js","statementMap":{"0":{"start":{"line":11,"column":15},"end":{"line":100,"column":1}},"1":{"start":{"line":13,"column":46},"end":{"line":13,"column":63}},"2":{"start":{"line":15,"column":27},"end":{"line":15,"column":50}},"3":{"start":{"line":16,"column":20},"end":{"line":16,"column":60}},"4":{"start":{"line":16,"column":43},"end":{"line":16,"column":59}},"5":{"start":{"line":30,"column":2},"end":{"line":32,"column":23}},"6":{"start":{"line":31,"column":4},"end":{"line":31,"column":67}},"7":{"start":{"line":35,"column":23},"end":{"line":35,"column":40}},"8":{"start":{"line":37,"column":2},"end":{"line":99,"column":4}},"9":{"start":{"line":87,"column":10},"end":{"line":89,"column":41}},"10":{"start":{"line":90,"column":10},"end":{"line":90,"column":38}}},"fnMap":{"0":{"name":"(anonymous_0)","decl":{"start":{"line":11,"column":15},"end":{"line":11,"column":16}},"loc":{"start":{"line":11,"column":21},"end":{"line":100,"column":1}},"line":11},"1":{"name":"(anonymous_1)","decl":{"start":{"line":16,"column":32},"end":{"line":16,"column":33}},"loc":{"start":{"line":16,"column":43},"end":{"line":16,"column":59}},"line":16},"2":{"name":"(anonymous_2)","decl":{"start":{"line":30,"column":12},"end":{"line":30,"column":13}},"loc":{"start":{"line":30,"column":18},"end":{"line":32,"column":3}},"line":30},"3":{"name":"(anonymous_3)","decl":{"start":{"line":85,"column":17},"end":{"line":85,"column":18}},"loc":{"start":{"line":85,"column":23},"end":{"line":91,"column":9}},"line":85}},"branchMap":{"0":{"loc":{"start":{"line":43,"column":28},"end":{"line":43,"column":53}},"type":"cond-expr","locations":[{"start":{"line":43,"column":43},"end":{"line":43,"column":46}},{"start":{"line":43,"column":49},"end":{"line":43,"column":53}}],"line":43},"1":{"loc":{"start":{"line":87,"column":10},"end":{"line":89,"column":40}},"type":"cond-expr","locations":[{"start":{"line":88,"column":14},"end":{"line":88,"column":41}},{"start":{"line":89,"column":14},"end":{"line":89,"column":40}}],"line":87}},"s":{"0":1,"1":5,"2":5,"3":5,"4":9,"5":5,"6":5,"7":5,"8":5,"9":1,"10":1},"f":{"0":5,"1":9,"2":5,"3":1},"b":{"0":[5,0],"1":[1,0]},"_coverageSchema":"1a1c01bbd47fc00a2c39e90264f33305004495a9","hash":"f3c0cbc04cf3d60020ecf7bc837506aa1ad92511"}
,"C:\\Users\\anupa\\OneDrive\\Desktop\\Namaste-React-Main-Folder\\episode-13-namaste-react\\src\\components\\RestaurantCard.js": {"path":"C:\\Users\\anupa\\OneDrive\\Desktop\\Namaste-React-Main-Folder\\episode-13-namaste-react\\src\\components\\RestaurantCard.js","statementMap":{"0":{"start":{"line":5,"column":22},"end":{"line":43,"column":1}},"1":{"start":{"line":6,"column":22},"end":{"line":6,"column":27}},"2":{"start":{"line":9,"column":27},"end":{"line":9,"column":50}},"3":{"start":{"line":26,"column":4},"end":{"line":26,"column":11}},"4":{"start":{"line":28,"column":2},"end":{"line":42,"column":4}},"5":{"start":{"line":49,"column":33},"end":{"line":64,"column":1}},"6":{"start":{"line":50,"column":2},"end":{"line":63,"column":4}},"7":{"start":{"line":51,"column":24},"end":{"line":51,"column":29}},"8":{"start":{"line":52,"column":4},"end":{"line":52,"column":23}},"9":{"start":{"line":53,"column":4},"end":{"line":62,"column":6}}},"fnMap":{"0":{"name":"(anonymous_0)","decl":{"start":{"line":5,"column":22},"end":{"line":5,"column":23}},"loc":{"start":{"line":5,"column":33},"end":{"line":43,"column":1}},"line":5},"1":{"name":"(anonymous_1)","decl":{"start":{"line":49,"column":33},"end":{"line":49,"column":34}},"loc":{"start":{"line":49,"column":52},"end":{"line":64,"column":1}},"line":49},"2":{"name":"(anonymous_2)","decl":{"start":{"line":50,"column":9},"end":{"line":50,"column":10}},"loc":{"start":{"line":50,"column":20},"end":{"line":63,"column":3}},"line":50}},"branchMap":{},"s":{"0":2,"1":10,"2":10,"3":10,"4":10,"5":2,"6":2,"7":9,"8":9,"9":9},"f":{"0":10,"1":2,"2":9},"b":{},"_coverageSchema":"1a1c01bbd47fc00a2c39e90264f33305004495a9","hash":"2a2d831cc23100697415acecb192a60fedab1a46"}
,"C:\\Users\\anupa\\OneDrive\\Desktop\\Namaste-React-Main-Folder\\episode-13-namaste-react\\src\\utils\\addStore.js": {"path":"C:\\Users\\anupa\\OneDrive\\Desktop\\Namaste-React-Main-Folder\\episode-13-namaste-react\\src\\utils\\addStore.js","statementMap":{"0":{"start":{"line":4,"column":14},"end":{"line":8,"column":2}}},"fnMap":{},"branchMap":{},"s":{"0":1},"f":{},"b":{},"_coverageSchema":"1a1c01bbd47fc00a2c39e90264f33305004495a9","hash":"0bd7f4d4516bd3cde54294ef6c7eea87951b22ab"}
}
