TN:
SF:src\components\Body.js
FN:9,(anonymous_0)
FN:20,(anonymous_1)
FN:31,(anonymous_2)
FN:81,(anonymous_3)
FN:88,(anonymous_4)
FN:93,(anonymous_5)
FN:110,(anonymous_6)
FN:111,(anonymous_7)
FN:126,(anonymous_8)
FN:131,(anonymous_9)
FNF:10
FNH:4
FNDA:2,(anonymous_0)
FNDA:1,(anonymous_1)
FNDA:1,(anonymous_2)
FNDA:0,(anonymous_3)
FNDA:0,(anonymous_4)
FNDA:0,(anonymous_5)
FNDA:0,(anonymous_6)
FNDA:0,(anonymous_7)
FNDA:0,(anonymous_8)
FNDA:9,(anonymous_9)
DA:9,1
DA:10,2
DA:11,2
DA:12,2
DA:13,2
DA:15,2
DA:18,2
DA:20,2
DA:21,1
DA:22,1
DA:31,2
DA:32,1
DA:34,1
DA:38,1
DA:43,1
DA:49,2
DA:51,2
DA:52,0
DA:64,2
DA:72,2
DA:82,0
DA:92,0
DA:94,0
DA:100,0
DA:101,0
DA:102,0
DA:111,0
DA:113,0
DA:116,0
DA:126,0
DA:132,9
LF:31
LH:20
BRDA:51,0,0,0
BRDA:51,0,1,2
BRDA:72,1,0,1
BRDA:72,1,1,1
BRDA:137,2,0,9
BRDA:137,2,1,0
BRF:6
BRH:4
end_of_record
TN:
SF:src\components\Contact.js
FN:3,(anonymous_0)
FNF:1
FNH:1
FNDA:4,(anonymous_0)
DA:3,1
DA:4,4
LF:2
LH:2
BRF:0
BRH:0
end_of_record
TN:
SF:src\components\Header.js
FN:11,(anonymous_0)
FN:16,(anonymous_1)
FN:30,(anonymous_2)
FN:85,(anonymous_3)
FNF:4
FNH:4
FNDA:5,(anonymous_0)
FNDA:9,(anonymous_1)
FNDA:5,(anonymous_2)
FNDA:1,(anonymous_3)
DA:11,1
DA:13,5
DA:15,5
DA:16,9
DA:30,5
DA:31,5
DA:35,5
DA:37,5
DA:87,1
DA:90,1
LF:10
LH:10
BRDA:43,0,0,5
BRDA:43,0,1,0
BRDA:87,1,0,1
BRDA:87,1,1,0
BRF:4
BRH:2
end_of_record
TN:
SF:src\components\RestaurantCard.js
FN:5,(anonymous_0)
FN:49,(anonymous_1)
FN:50,(anonymous_2)
FNF:3
FNH:3
FNDA:10,(anonymous_0)
FNDA:2,(anonymous_1)
FNDA:9,(anonymous_2)
DA:5,2
DA:6,10
DA:9,10
DA:26,10
DA:28,10
DA:49,2
DA:50,2
DA:51,9
DA:52,9
DA:53,9
LF:10
LH:10
BRF:0
BRH:0
end_of_record
TN:
SF:src\utils\addStore.js
FNF:0
FNH:0
DA:4,1
LF:1
LH:1
BRF:0
BRH:0
end_of_record
