TN:
SF:src\components\AccordionItems.js
FN:6,(anonymous_0)
FN:10,handleAddItem
FN:17,(anonymous_2)
FN:42,(anonymous_3)
FNF:4
FNH:4
FNDA:5,(anonymous_0)
FNDA:2,handleAddItem
FNDA:13,(anonymous_2)
FNDA:2,(anonymous_3)
DA:6,1
DA:8,5
DA:11,2
DA:15,5
DA:18,13
DA:42,2
LF:6
LH:6
BRDA:30,0,0,13
BRDA:30,0,1,7
BRF:2
BRH:2
end_of_record
TN:
SF:src\components\Body.js
FN:9,(anonymous_0)
FN:20,(anonymous_1)
FN:31,(anonymous_2)
FN:82,(anonymous_3)
FN:89,(anonymous_4)
FN:94,(anonymous_5)
FN:111,(anonymous_6)
FN:112,(anonymous_7)
FN:127,(anonymous_8)
FN:132,(anonymous_9)
FNF:10
FNH:9
FNDA:7,(anonymous_0)
FNDA:2,(anonymous_1)
FNDA:2,(anonymous_2)
FNDA:1,(anonymous_3)
FNDA:1,(anonymous_4)
FNDA:9,(anonymous_5)
FNDA:1,(anonymous_6)
FNDA:9,(anonymous_7)
FNDA:0,(anonymous_8)
FNDA:30,(anonymous_9)
DA:9,1
DA:10,7
DA:11,7
DA:12,7
DA:13,7
DA:15,7
DA:20,7
DA:21,2
DA:22,2
DA:31,7
DA:32,2
DA:34,2
DA:38,2
DA:43,2
DA:49,7
DA:51,7
DA:52,0
DA:64,7
DA:72,7
DA:83,1
DA:93,1
DA:95,9
DA:101,1
DA:102,1
DA:103,1
DA:112,1
DA:114,9
DA:117,1
DA:127,0
DA:133,30
LF:30
LH:28
BRDA:51,0,0,0
BRDA:51,0,1,7
BRDA:72,1,0,2
BRDA:72,1,1,5
BRDA:138,2,0,30
BRDA:138,2,1,0
BRF:6
BRH:4
end_of_record
TN:
SF:src\components\Cart.js
FN:6,(anonymous_0)
FN:8,(anonymous_1)
FN:18,handleClearCart
FNF:3
FNH:3
FNDA:4,(anonymous_0)
FNDA:8,(anonymous_1)
FNDA:1,handleClearCart
DA:6,1
DA:8,8
DA:16,4
DA:19,1
DA:22,4
LF:5
LH:5
BRDA:30,0,0,4
BRDA:30,0,1,2
BRF:2
BRH:2
end_of_record
TN:
SF:src\components\Header.js
FN:11,(anonymous_0)
FN:16,(anonymous_1)
FN:30,(anonymous_2)
FN:85,(anonymous_3)
FNF:4
FNH:4
FNDA:9,(anonymous_0)
FNDA:17,(anonymous_1)
FNDA:6,(anonymous_2)
FNDA:1,(anonymous_3)
DA:11,2
DA:13,9
DA:15,9
DA:16,17
DA:30,9
DA:35,9
DA:37,9
DA:87,1
LF:8
LH:8
BRDA:43,0,0,9
BRDA:43,0,1,0
BRDA:87,1,0,1
BRDA:87,1,1,0
BRF:4
BRH:2
end_of_record
TN:
SF:src\components\RestaurantCard.js
FN:5,(anonymous_0)
FN:52,(anonymous_1)
FN:53,(anonymous_2)
FNF:3
FNH:3
FNDA:31,(anonymous_0)
FNDA:7,(anonymous_1)
FNDA:30,(anonymous_2)
DA:5,2
DA:6,31
DA:9,31
DA:26,31
DA:28,31
DA:52,2
DA:53,7
DA:54,30
DA:56,30
LF:9
LH:9
BRF:0
BRH:0
end_of_record
TN:
SF:src\components\RestaurantsMenu.js
FN:7,(anonymous_0)
FN:26,(anonymous_1)
FN:47,(anonymous_2)
FN:52,(anonymous_3)
FNF:4
FNH:4
FNDA:4,(anonymous_0)
FNDA:36,(anonymous_1)
FNDA:20,(anonymous_2)
FNDA:1,(anonymous_3)
DA:7,1
DA:8,4
DA:9,3
DA:12,3
DA:18,3
DA:19,1
DA:22,2
DA:25,2
DA:27,36
DA:35,2
DA:48,20
DA:52,1
LF:12
LH:12
BRDA:18,0,0,1
BRDA:18,0,1,2
BRF:2
BRH:2
end_of_record
TN:
SF:src\utils\addStore.js
FNF:0
FNH:0
DA:4,2
LF:1
LH:1
BRF:0
BRH:0
end_of_record
